{"level":"info","message":"-Initializing view Api Service Application-","timestamp":"2018-06-28T01:54:34.449Z"}
{"level":"info","message":"registing api viewInterfaceAHandler with url /api/v1/dashboard/viewInterfaceA","timestamp":"2018-06-28T01:54:34.463Z"}
{"level":"info","message":"registing api viewInterfaceCHandler with url /api/v1/dashboard/viewInterfaceC","timestamp":"2018-06-28T01:54:34.464Z"}
{"level":"info","message":"registing api viewInterfaceDHandler with url /api/v1/dashboard/viewInterfaceD","timestamp":"2018-06-28T01:54:34.464Z"}
{"level":"info","message":"registing api viewInterfaceEHandler with url /api/v1/dashboard/viewInterfaceE","timestamp":"2018-06-28T01:54:34.464Z"}
{"level":"info","message":"registing api viewInterfaceFHandler with url /api/v1/dashboard/viewInterfaceF","timestamp":"2018-06-28T01:54:34.464Z"}
{"level":"info","message":"registing api viewInterfaceGHandler with url /api/v1/dashboard/viewInterfaceG","timestamp":"2018-06-28T01:54:34.465Z"}
{"level":"info","message":"registing api viewInterfaceHHandler with url /api/v1/dashboard/viewInterfaceH","timestamp":"2018-06-28T01:54:34.465Z"}
{"level":"info","message":"registing api viewInterfaceISalesHandler with url /api/v1/dashboard/viewInterfaceISales","timestamp":"2018-06-28T01:54:34.465Z"}
{"level":"info","message":"registing api viewInterfaceIProfitHandler with url /api/v1/dashboard/viewInterfaceIProfit","timestamp":"2018-06-28T01:54:34.465Z"}
{"level":"info","message":"registing api viewInterfaceJHandler with url /api/v1/dashboard/viewInterfaceJ","timestamp":"2018-06-28T01:54:34.465Z"}
{"level":"info","message":"registing api getStoreHandler with url /api/v1/dashboard/getStore","timestamp":"2018-06-28T01:54:34.466Z"}
{"level":"info","message":"Start Restful Http server on port 3000","timestamp":"2018-06-28T01:54:34.466Z"}
{"level":"info","message":"Worker 1037 started","timestamp":"2018-06-28T01:54:34.468Z"}
{"level":"info","message":"-Initializing view Api Service Application-","timestamp":"2018-06-28T02:01:32.918Z"}
{"level":"info","message":"registing api viewInterfaceAHandler with url /api/v1/dashboard/viewInterfaceA","timestamp":"2018-06-28T02:01:32.931Z"}
{"level":"info","message":"registing api viewInterfaceBHandler with url /api/v1/dashboard/viewInterfaceB","timestamp":"2018-06-28T02:01:32.932Z"}
{"level":"info","message":"registing api viewInterfaceCHandler with url /api/v1/dashboard/viewInterfaceC","timestamp":"2018-06-28T02:01:32.932Z"}
{"level":"info","message":"registing api viewInterfaceDHandler with url /api/v1/dashboard/viewInterfaceD","timestamp":"2018-06-28T02:01:32.933Z"}
{"level":"info","message":"registing api viewInterfaceEHandler with url /api/v1/dashboard/viewInterfaceE","timestamp":"2018-06-28T02:01:32.933Z"}
{"level":"info","message":"registing api viewInterfaceFHandler with url /api/v1/dashboard/viewInterfaceF","timestamp":"2018-06-28T02:01:32.933Z"}
{"level":"info","message":"registing api viewInterfaceGHandler with url /api/v1/dashboard/viewInterfaceG","timestamp":"2018-06-28T02:01:32.933Z"}
{"level":"info","message":"registing api viewInterfaceHHandler with url /api/v1/dashboard/viewInterfaceH","timestamp":"2018-06-28T02:01:32.933Z"}
{"level":"info","message":"registing api viewInterfaceISalesHandler with url /api/v1/dashboard/viewInterfaceISales","timestamp":"2018-06-28T02:01:32.933Z"}
{"level":"info","message":"registing api viewInterfaceIProfitHandler with url /api/v1/dashboard/viewInterfaceIProfit","timestamp":"2018-06-28T02:01:32.934Z"}
{"level":"info","message":"registing api viewInterfaceJHandler with url /api/v1/dashboard/viewInterfaceJ","timestamp":"2018-06-28T02:01:32.934Z"}
{"level":"info","message":"registing api getStoreHandler with url /api/v1/dashboard/getStore","timestamp":"2018-06-28T02:01:32.934Z"}
{"level":"info","message":"Start Restful Http server on port 3000","timestamp":"2018-06-28T02:01:32.934Z"}
{"level":"info","message":"Worker 1215 started","timestamp":"2018-06-28T02:01:32.935Z"}
